Replace Part 17 CAP in C:\Fran\ITBA\ASSD\TPs\1 Muestreo\PCB Muestreo\FAA.SchDoc with CAP from LIB PIO IX.IntLib
Replace Part C1 CAP in C:\Fran\ITBA\ASSD\TPs\1 Muestreo\PCB Muestreo\FAA.SchDoc with CAP from LIB PIO IX.IntLib
Replace Part C2 CAP in C:\Fran\ITBA\ASSD\TPs\1 Muestreo\PCB Muestreo\FAA.SchDoc with CAP from LIB PIO IX.IntLib
Replace Part C3 CAP in C:\Fran\ITBA\ASSD\TPs\1 Muestreo\PCB Muestreo\FAA.SchDoc with CAP from LIB PIO IX.IntLib
Replace Part C4 CAP in C:\Fran\ITBA\ASSD\TPs\1 Muestreo\PCB Muestreo\FAA.SchDoc with CAP from LIB PIO IX.IntLib
Replace Part C5 CAP in C:\Fran\ITBA\ASSD\TPs\1 Muestreo\PCB Muestreo\FAA.SchDoc with CAP from LIB PIO IX.IntLib
Replace Part C6 CAP in C:\Fran\ITBA\ASSD\TPs\1 Muestreo\PCB Muestreo\FAA.SchDoc with CAP from LIB PIO IX.IntLib
Replace Part C7 CAP in C:\Fran\ITBA\ASSD\TPs\1 Muestreo\PCB Muestreo\FAA.SchDoc with CAP from LIB PIO IX.IntLib
Replace Part C8 CAP in C:\Fran\ITBA\ASSD\TPs\1 Muestreo\PCB Muestreo\FAA.SchDoc with CAP from LIB PIO IX.IntLib
Replace Part C9 CAP in C:\Fran\ITBA\ASSD\TPs\1 Muestreo\PCB Muestreo\FAA.SchDoc with CAP from LIB PIO IX.IntLib
Replace Part C10 CAP in C:\Fran\ITBA\ASSD\TPs\1 Muestreo\PCB Muestreo\FAA.SchDoc with CAP from LIB PIO IX.IntLib
Replace Part C11 CAP in C:\Fran\ITBA\ASSD\TPs\1 Muestreo\PCB Muestreo\FAA.SchDoc with CAP from LIB PIO IX.IntLib
Replace Part C12 CAP in C:\Fran\ITBA\ASSD\TPs\1 Muestreo\PCB Muestreo\FAA.SchDoc with CAP from LIB PIO IX.IntLib
Replace Part C13 CAP in C:\Fran\ITBA\ASSD\TPs\1 Muestreo\PCB Muestreo\FAA.SchDoc with CAP from LIB PIO IX.IntLib
Replace Part C14 CAP in C:\Fran\ITBA\ASSD\TPs\1 Muestreo\PCB Muestreo\FAA.SchDoc with CAP from LIB PIO IX.IntLib
Replace Part C15 CAP in C:\Fran\ITBA\ASSD\TPs\1 Muestreo\PCB Muestreo\FAA.SchDoc with CAP from LIB PIO IX.IntLib
Replace Part C16 CAP in C:\Fran\ITBA\ASSD\TPs\1 Muestreo\PCB Muestreo\FAA.SchDoc with CAP from LIB PIO IX.IntLib
Replace Part C18 CAP in C:\Fran\ITBA\ASSD\TPs\1 Muestreo\PCB Muestreo\FAA.SchDoc with CAP from LIB PIO IX.IntLib
Replace Part C31 CAP in C:\Fran\ITBA\ASSD\TPs\1 Muestreo\PCB Muestreo\FAA.SchDoc with CAP from LIB PIO IX.IntLib
Replace Part C32 CAP in C:\Fran\ITBA\ASSD\TPs\1 Muestreo\PCB Muestreo\FAA.SchDoc with CAP from LIB PIO IX.IntLib
Replace Part C50 CAP in C:\Fran\ITBA\ASSD\TPs\1 Muestreo\PCB Muestreo\FAA.SchDoc with CAP from LIB PIO IX.IntLib
Replace Part C51 CAP in C:\Fran\ITBA\ASSD\TPs\1 Muestreo\PCB Muestreo\FAA.SchDoc with CAP from LIB PIO IX.IntLib
Replace Part C52 CAP in C:\Fran\ITBA\ASSD\TPs\1 Muestreo\PCB Muestreo\FAA.SchDoc with CAP from LIB PIO IX.IntLib
Replace Part C53 CAP in C:\Fran\ITBA\ASSD\TPs\1 Muestreo\PCB Muestreo\FAA.SchDoc with CAP from LIB PIO IX.IntLib
Replace Part C54 CAP in C:\Fran\ITBA\ASSD\TPs\1 Muestreo\PCB Muestreo\FAA.SchDoc with CAP from LIB PIO IX.IntLib
Replace Part C55 CAP in C:\Fran\ITBA\ASSD\TPs\1 Muestreo\PCB Muestreo\FAA.SchDoc with CAP from LIB PIO IX.IntLib
Replace Part C56 CAP in C:\Fran\ITBA\ASSD\TPs\1 Muestreo\PCB Muestreo\FAA.SchDoc with CAP from LIB PIO IX.IntLib
Replace Part C57 CAP in C:\Fran\ITBA\ASSD\TPs\1 Muestreo\PCB Muestreo\FAA.SchDoc with CAP from LIB PIO IX.IntLib
Replace Part C58 CAP in C:\Fran\ITBA\ASSD\TPs\1 Muestreo\PCB Muestreo\FAA.SchDoc with CAP from LIB PIO IX.IntLib
Replace Part C59 CAP in C:\Fran\ITBA\ASSD\TPs\1 Muestreo\PCB Muestreo\FAA.SchDoc with CAP from LIB PIO IX.IntLib
Replace Part C60 CAP in C:\Fran\ITBA\ASSD\TPs\1 Muestreo\PCB Muestreo\FAA.SchDoc with CAP from LIB PIO IX.IntLib
Replace Part C61 CAP in C:\Fran\ITBA\ASSD\TPs\1 Muestreo\PCB Muestreo\FAA.SchDoc with CAP from LIB PIO IX.IntLib
Replace Part C62 CAP in C:\Fran\ITBA\ASSD\TPs\1 Muestreo\PCB Muestreo\FAA.SchDoc with CAP from LIB PIO IX.IntLib
Replace Part C63 CAP in C:\Fran\ITBA\ASSD\TPs\1 Muestreo\PCB Muestreo\FAA.SchDoc with CAP from LIB PIO IX.IntLib
Replace Part J1 JUMPER3 in C:\Fran\ITBA\ASSD\TPs\1 Muestreo\PCB Muestreo\FAA.SchDoc with JUMPER3 from LIB PIO IX.IntLib
Replace Part J2 JUMPER3 in C:\Fran\ITBA\ASSD\TPs\1 Muestreo\PCB Muestreo\FAA.SchDoc with JUMPER3 from LIB PIO IX.IntLib
Replace Part J3 BORNERA 3 in C:\Fran\ITBA\ASSD\TPs\1 Muestreo\PCB Muestreo\FAA.SchDoc with BORNERA 3 from LIB PIO IX.IntLib
Replace Part J4 CON2 in C:\Fran\ITBA\ASSD\TPs\1 Muestreo\PCB Muestreo\FAA.SchDoc with CON2 from LIB PIO IX.IntLib
Replace Part J5 JUMPER3 in C:\Fran\ITBA\ASSD\TPs\1 Muestreo\PCB Muestreo\FAA.SchDoc with JUMPER3 from LIB PIO IX.IntLib
Replace Part J6 JUMPER3 in C:\Fran\ITBA\ASSD\TPs\1 Muestreo\PCB Muestreo\FAA.SchDoc with JUMPER3 from LIB PIO IX.IntLib
Replace Part J7 Socket in C:\Fran\ITBA\ASSD\TPs\1 Muestreo\PCB Muestreo\FAA.SchDoc with Socket from Miscellaneous Connectors.IntLib
Replace Part J8 Socket in C:\Fran\ITBA\ASSD\TPs\1 Muestreo\PCB Muestreo\FAA.SchDoc with Socket from Miscellaneous Connectors.IntLib
Replace Part J9 Socket in C:\Fran\ITBA\ASSD\TPs\1 Muestreo\PCB Muestreo\FAA.SchDoc with Socket from Miscellaneous Connectors.IntLib
Replace Part J10 Socket in C:\Fran\ITBA\ASSD\TPs\1 Muestreo\PCB Muestreo\FAA.SchDoc with Socket from Miscellaneous Connectors.IntLib
Replace Part J11 Socket in C:\Fran\ITBA\ASSD\TPs\1 Muestreo\PCB Muestreo\FAA.SchDoc with Socket from Miscellaneous Connectors.IntLib
Replace Part P1 Header 4X2 in C:\Fran\ITBA\ASSD\TPs\1 Muestreo\PCB Muestreo\FAA.SchDoc with Header 4X2 from Miscellaneous Connectors.IntLib
Replace Part R1 RES in C:\Fran\ITBA\ASSD\TPs\1 Muestreo\PCB Muestreo\FAA.SchDoc with RES from LIB PIO IX.IntLib
Replace Part R2 RES in C:\Fran\ITBA\ASSD\TPs\1 Muestreo\PCB Muestreo\FAA.SchDoc with RES from LIB PIO IX.IntLib
Replace Part R3 RES in C:\Fran\ITBA\ASSD\TPs\1 Muestreo\PCB Muestreo\FAA.SchDoc with RES from LIB PIO IX.IntLib
Replace Part R4 RES in C:\Fran\ITBA\ASSD\TPs\1 Muestreo\PCB Muestreo\FAA.SchDoc with RES from LIB PIO IX.IntLib
Replace Part R5 RES in C:\Fran\ITBA\ASSD\TPs\1 Muestreo\PCB Muestreo\FAA.SchDoc with RES from LIB PIO IX.IntLib
Replace Part R6 RES in C:\Fran\ITBA\ASSD\TPs\1 Muestreo\PCB Muestreo\FAA.SchDoc with RES from LIB PIO IX.IntLib
Replace Part R11 RES in C:\Fran\ITBA\ASSD\TPs\1 Muestreo\PCB Muestreo\FAA.SchDoc with RES from LIB PIO IX.IntLib
Replace Part R12 RES in C:\Fran\ITBA\ASSD\TPs\1 Muestreo\PCB Muestreo\FAA.SchDoc with RES from LIB PIO IX.IntLib
Replace Part R13 RES in C:\Fran\ITBA\ASSD\TPs\1 Muestreo\PCB Muestreo\FAA.SchDoc with RES from LIB PIO IX.IntLib
Replace Part R14 RES in C:\Fran\ITBA\ASSD\TPs\1 Muestreo\PCB Muestreo\FAA.SchDoc with RES from LIB PIO IX.IntLib
Replace Part R15 RES in C:\Fran\ITBA\ASSD\TPs\1 Muestreo\PCB Muestreo\FAA.SchDoc with RES from LIB PIO IX.IntLib
Replace Part R16 RES in C:\Fran\ITBA\ASSD\TPs\1 Muestreo\PCB Muestreo\FAA.SchDoc with RES from LIB PIO IX.IntLib
Replace Part R22 RES in C:\Fran\ITBA\ASSD\TPs\1 Muestreo\PCB Muestreo\FAA.SchDoc with RES from LIB PIO IX.IntLib
Replace Part R23 RES in C:\Fran\ITBA\ASSD\TPs\1 Muestreo\PCB Muestreo\FAA.SchDoc with RES from LIB PIO IX.IntLib
Replace Part R31 RES in C:\Fran\ITBA\ASSD\TPs\1 Muestreo\PCB Muestreo\FAA.SchDoc with RES from LIB PIO IX.IntLib
Update Managed Component R32 From CMP-07234-000047-1[3006P-1-103LF] To CMP-07234-000047-1[3006P-1-103LF] in FAA.SchDoc
Update Managed Component R33 From CMP-07234-000047-1[3006P-1-103LF] To CMP-07234-000047-1[3006P-1-103LF] in FAA.SchDoc
Replace Part R34 RES in C:\Fran\ITBA\ASSD\TPs\1 Muestreo\PCB Muestreo\FAA.SchDoc with RES from LIB PIO IX.IntLib
Update Managed Component U1 From CMP-0055-00158-5[TL082CP] To CMP-0055-00158-5[TL082CP] in FAA.SchDoc
Update Managed Component U1 From CMP-0055-00158-5[TL082CP] To CMP-0055-00158-5[TL082CP] in FAA.SchDoc
Update Managed Component U2 From CMP-0055-00204-3[LF356N] To CMP-0055-00204-3[LF356N] in FAA.SchDoc
Update Managed Component U3 From CMP-0055-00158-5[TL082CP] To CMP-0055-00158-5[TL082CP] in FAA.SchDoc
Update Managed Component U3 From CMP-0055-00158-5[TL082CP] To CMP-0055-00158-5[TL082CP] in FAA.SchDoc
Update Managed Component U4 From CMP-0055-00204-3[LF356N] To CMP-0055-00204-3[LF356N] in FAA.SchDoc
Update Managed Component U5 From CMP-1615-00909-3[CD40106BE] To CMP-1615-00909-3[CD40106BE] in FAA.SchDoc
Update Managed Component U5 From CMP-1615-00909-3[CD40106BE] To CMP-1615-00909-3[CD40106BE] in FAA.SchDoc
Update Managed Component U6 From CMP-04895-000240-1[LF398N/NOPB] To CMP-04895-000240-1[LF398N/NOPB] in FAA.SchDoc
Update Managed Component U7 From CMP-1575-00066-5[CD4052BE] To CMP-1575-00066-5[CD4052BE] in FAA.SchDoc
